app/build/intermediates/manifest_merge_blame_file/mainDebug/manifest-merger-blame-main-debug-report.txt
1<?xml version="1.0" encoding="utf-8"?>
2<manifest xmlns:android="http://schemas.android.com/apk/res/android"
3    package="nodomain.freeyourgadget.gadgetbridge"
4    android:versionCode="220"
5    android:versionName="0.72.0" >
6
7    <uses-sdk
8        android:minSdkVersion="21"
9        android:targetSdkVersion="29" />
10
11    <!--
12        Comment in for testing Pebble Emulator
13        <uses-permission android:name="android.permission.INTERNET" />
14    -->
15    <!-- Used for Bluetooth access -->
16    <uses-permission android:name="android.permission.BLUETOOTH" />
16-->src\main\AndroidManifest.xml:11:5-68
16-->src\main\AndroidManifest.xml:11:22-65
17    <uses-permission android:name="android.permission.BLUETOOTH_ADMIN" />
17-->src\main\AndroidManifest.xml:12:5-74
17-->src\main\AndroidManifest.xml:12:22-71
18    <uses-permission android:name="android.permission.ACCESS_COARSE_LOCATION" />
18-->src\main\AndroidManifest.xml:13:5-81
18-->src\main\AndroidManifest.xml:13:22-78
19
20    <!-- Since Android 10 -->
21    <uses-permission android:name="android.permission.ACCESS_FINE_LOCATION" />
21-->src\main\AndroidManifest.xml:16:5-79
21-->src\main\AndroidManifest.xml:16:22-76
22    <uses-permission android:name="android.permission.ACCESS_BACKGROUND_LOCATION" />
22-->src\main\AndroidManifest.xml:17:5-85
22-->src\main\AndroidManifest.xml:17:22-82
23    <uses-permission android:name="android.permission.READ_CALL_LOG" />
23-->src\main\AndroidManifest.xml:19:5-72
23-->src\main\AndroidManifest.xml:19:22-69
24    <uses-permission android:name="android.permission.READ_PHONE_STATE" />
24-->src\main\AndroidManifest.xml:20:5-75
24-->src\main\AndroidManifest.xml:20:22-72
25    <uses-permission android:name="android.permission.PROCESS_OUTGOING_CALLS" />
25-->src\main\AndroidManifest.xml:21:5-81
25-->src\main\AndroidManifest.xml:21:22-78
26    <uses-permission android:name="android.permission.ACCESS_NOTIFICATION_POLICY" />
26-->src\main\AndroidManifest.xml:22:5-85
26-->src\main\AndroidManifest.xml:22:22-82
27    <uses-permission android:name="android.permission.CALL_PHONE" />
27-->src\main\AndroidManifest.xml:23:5-69
27-->src\main\AndroidManifest.xml:23:22-66
28    <uses-permission android:name="android.permission.ANSWER_PHONE_CALLS" />
28-->src\main\AndroidManifest.xml:24:5-77
28-->src\main\AndroidManifest.xml:24:22-74
29    <uses-permission android:name="android.permission.RECEIVE_SMS" />
29-->src\main\AndroidManifest.xml:25:5-70
29-->src\main\AndroidManifest.xml:25:22-67
30    <uses-permission android:name="android.permission.SEND_SMS" />
30-->src\main\AndroidManifest.xml:26:5-67
30-->src\main\AndroidManifest.xml:26:22-64
31    <uses-permission android:name="android.permission.READ_CONTACTS" />
31-->src\main\AndroidManifest.xml:27:5-72
31-->src\main\AndroidManifest.xml:27:22-69
32    <uses-permission android:name="android.permission.READ_EXTERNAL_STORAGE" />
32-->src\main\AndroidManifest.xml:29:5-80
32-->src\main\AndroidManifest.xml:29:22-77
33    <uses-permission android:name="android.permission.READ_CALENDAR" />
33-->src\main\AndroidManifest.xml:30:5-72
33-->src\main\AndroidManifest.xml:30:22-69
34    <uses-permission android:name="android.permission.MEDIA_CONTENT_CONTROL" />
34-->src\main\AndroidManifest.xml:31:5-33:47
34-->src\main\AndroidManifest.xml:32:9-64
35
36    <!-- Used for background service -->
37    <uses-permission android:name="android.permission.RECEIVE_BOOT_COMPLETED" />
37-->src\main\AndroidManifest.xml:36:5-81
37-->src\main\AndroidManifest.xml:36:22-78
38    <uses-permission android:name="android.permission.FOREGROUND_SERVICE" />
38-->src\main\AndroidManifest.xml:37:5-77
38-->src\main\AndroidManifest.xml:37:22-74
39    <uses-permission android:name="android.permission.REQUEST_COMPANION_RUN_IN_BACKGROUND" />
39-->src\main\AndroidManifest.xml:38:5-94
39-->src\main\AndroidManifest.xml:38:22-91
40
41    <!-- Used for reverse find device -->
42    <uses-permission android:name="android.permission.VIBRATE" />
42-->src\main\AndroidManifest.xml:41:5-66
42-->src\main\AndroidManifest.xml:41:22-63
43
44    <!-- Used for weather provider access -->
45    <uses-permission android:name="cyanogenmod.permission.ACCESS_WEATHER_MANAGER" />
45-->src\main\AndroidManifest.xml:44:5-85
45-->src\main\AndroidManifest.xml:44:22-82
46    <uses-permission android:name="cyanogenmod.permission.READ_WEATHER" />
46-->src\main\AndroidManifest.xml:45:5-75
46-->src\main\AndroidManifest.xml:45:22-72
47    <uses-permission android:name="lineageos.permission.ACCESS_WEATHER_MANAGER" />
47-->src\main\AndroidManifest.xml:46:5-83
47-->src\main\AndroidManifest.xml:46:22-80
48    <uses-permission android:name="lineageos.permission.READ_WEATHER" />
48-->src\main\AndroidManifest.xml:47:5-73
48-->src\main\AndroidManifest.xml:47:22-70
49    <uses-permission android:name="org.omnirom.omnijaws.READ_WEATHER" />
49-->src\main\AndroidManifest.xml:48:5-73
49-->src\main\AndroidManifest.xml:48:22-70
50
51    <!-- Used for starting activities from the background with intents -->
52    <uses-permission android:name="android.permission.SYSTEM_ALERT_WINDOW" />
52-->src\main\AndroidManifest.xml:51:5-78
52-->src\main\AndroidManifest.xml:51:22-75
53
54    <uses-feature
54-->src\main\AndroidManifest.xml:53:5-55:35
55        android:name="android.hardware.bluetooth"
55-->src\main\AndroidManifest.xml:54:9-50
56        android:required="true" />
56-->src\main\AndroidManifest.xml:55:9-32
57    <uses-feature
57-->src\main\AndroidManifest.xml:56:5-58:36
58        android:name="android.hardware.bluetooth_le"
58-->src\main\AndroidManifest.xml:57:9-53
59        android:required="false" />
59-->src\main\AndroidManifest.xml:58:9-33
60    <uses-feature
60-->src\main\AndroidManifest.xml:59:5-61:36
61        android:name="android.hardware.telephony"
61-->src\main\AndroidManifest.xml:60:9-50
62        android:required="false" />
62-->src\main\AndroidManifest.xml:61:9-33
63    <uses-feature
63-->src\main\AndroidManifest.xml:62:5-64:36
64        android:name="android.software.companion_device_setup"
64-->src\main\AndroidManifest.xml:63:9-63
65        android:required="false" />
65-->src\main\AndroidManifest.xml:64:9-33
66
67    <application
67-->src\main\AndroidManifest.xml:66:5-712:19
68        android:name="nodomain.freeyourgadget.gadgetbridge.GBApplication"
68-->src\main\AndroidManifest.xml:67:9-38
69        android:allowBackup="false"
69-->src\main\AndroidManifest.xml:68:9-36
70        android:appComponentFactory="androidx.core.app.CoreComponentFactory"
70-->[androidx.core:core:1.5.0] AndroidManifest.xml:24:18-86
71        android:debuggable="true"
72        android:fullBackupContent="false"
72-->src\main\AndroidManifest.xml:69:9-42
73        android:icon="@mipmap/ic_launcher"
73-->src\main\AndroidManifest.xml:70:9-43
74        android:label="@string/app_name"
74-->src\main\AndroidManifest.xml:71:9-41
75        android:requestLegacyExternalStorage="true"
75-->src\main\AndroidManifest.xml:73:9-52
76        android:roundIcon="@mipmap/ic_launcher_round"
76-->src\main\AndroidManifest.xml:72:9-54
77        android:supportsRtl="true"
77-->[com.github.wax911:android-emojify:0.1.7] AndroidManifest.xml:13:9-35
78        android:testOnly="true"
79        android:theme="@style/GadgetbridgeTheme" >
79-->src\main\AndroidManifest.xml:74:9-49
80        <activity
80-->src\main\AndroidManifest.xml:76:9-88:20
81            android:name="nodomain.freeyourgadget.gadgetbridge.activities.ControlCenterv2"
81-->src\main\AndroidManifest.xml:77:13-55
82            android:label="@string/title_activity_controlcenter"
82-->src\main\AndroidManifest.xml:78:13-65
83            android:launchMode="singleTop"
83-->src\main\AndroidManifest.xml:80:13-43
84            android:theme="@style/SplashTheme" >
84-->src\main\AndroidManifest.xml:79:13-47
85            <intent-filter>
85-->src\main\AndroidManifest.xml:81:13-87:29
86                <category android:name="android.intent.category.DEFAULT" />
86-->src\main\AndroidManifest.xml:82:17-76
86-->src\main\AndroidManifest.xml:82:27-73
87
88                <action android:name="android.intent.action.MAIN" />
88-->src\main\AndroidManifest.xml:84:17-69
88-->src\main\AndroidManifest.xml:84:25-66
89
90                <category android:name="android.intent.category.LAUNCHER" />
90-->src\main\AndroidManifest.xml:86:17-77
90-->src\main\AndroidManifest.xml:86:27-74
91            </intent-filter>
92        </activity>
93        <activity
93-->src\main\AndroidManifest.xml:89:9-92:72
94            android:name="nodomain.freeyourgadget.gadgetbridge.activities.SettingsActivity"
94-->src\main\AndroidManifest.xml:90:13-56
95            android:label="@string/title_activity_settings"
95-->src\main\AndroidManifest.xml:91:13-60
96            android:parentActivityName="nodomain.freeyourgadget.gadgetbridge.activities.ControlCenterv2" />
96-->src\main\AndroidManifest.xml:92:13-69
97        <activity
97-->src\main\AndroidManifest.xml:93:9-96:85
98            android:name="nodomain.freeyourgadget.gadgetbridge.activities.AboutUserPreferencesActivity"
98-->src\main\AndroidManifest.xml:94:13-68
99            android:label="@string/activity_prefs_about_you"
99-->src\main\AndroidManifest.xml:95:13-61
100            android:parentActivityName="nodomain.freeyourgadget.gadgetbridge.activities.AboutUserPreferencesActivity" />
100-->src\main\AndroidManifest.xml:96:13-82
101        <activity
101-->src\main\AndroidManifest.xml:97:9-100:89
102            android:name="nodomain.freeyourgadget.gadgetbridge.activities.charts.ChartsPreferencesActivity"
102-->src\main\AndroidManifest.xml:98:13-72
103            android:label="@string/activity_prefs_charts"
103-->src\main\AndroidManifest.xml:99:13-58
104            android:parentActivityName="nodomain.freeyourgadget.gadgetbridge.activities.charts.ChartsPreferencesActivity" />
104-->src\main\AndroidManifest.xml:100:13-86
105        <activity
105-->src\main\AndroidManifest.xml:101:9-104:73
106            android:name="nodomain.freeyourgadget.gadgetbridge.activities.DiscoveryPairingPreferenceActivity"
106-->src\main\AndroidManifest.xml:102:13-74
107            android:label="@string/activity_prefs_discovery_pairing"
107-->src\main\AndroidManifest.xml:103:13-69
108            android:parentActivityName="nodomain.freeyourgadget.gadgetbridge.activities.SettingsActivity" />
108-->src\main\AndroidManifest.xml:104:13-70
109        <activity
109-->src\main\AndroidManifest.xml:105:9-108:73
110            android:name="nodomain.freeyourgadget.gadgetbridge.devices.miband.MiBandPreferencesActivity"
110-->src\main\AndroidManifest.xml:106:13-69
111            android:label="@string/preferences_miband_settings"
111-->src\main\AndroidManifest.xml:107:13-64
112            android:parentActivityName="nodomain.freeyourgadget.gadgetbridge.activities.SettingsActivity" />
112-->src\main\AndroidManifest.xml:108:13-70
113        <activity
113-->src\main\AndroidManifest.xml:109:9-112:73
114            android:name="nodomain.freeyourgadget.gadgetbridge.devices.zetime.ZeTimePreferenceActivity"
114-->src\main\AndroidManifest.xml:110:13-68
115            android:label="@string/zetime_title_settings"
115-->src\main\AndroidManifest.xml:111:13-58
116            android:parentActivityName="nodomain.freeyourgadget.gadgetbridge.activities.SettingsActivity" />
116-->src\main\AndroidManifest.xml:112:13-70
117        <activity
117-->src\main\AndroidManifest.xml:113:9-116:72
118            android:name="nodomain.freeyourgadget.gadgetbridge.activities.ActivitySummariesActivity"
118-->src\main\AndroidManifest.xml:114:13-65
119            android:label="@string/activity_summaries"
119-->src\main\AndroidManifest.xml:115:13-55
120            android:parentActivityName="nodomain.freeyourgadget.gadgetbridge.activities.ControlCenterv2" />
120-->src\main\AndroidManifest.xml:116:13-69
121        <activity
121-->src\main\AndroidManifest.xml:117:9-121:72
122            android:name="nodomain.freeyourgadget.gadgetbridge.activities.appmanager.AppManagerActivity"
122-->src\main\AndroidManifest.xml:118:13-69
123            android:label="@string/title_activity_appmanager"
123-->src\main\AndroidManifest.xml:119:13-62
124            android:launchMode="singleTop"
124-->src\main\AndroidManifest.xml:120:13-43
125            android:parentActivityName="nodomain.freeyourgadget.gadgetbridge.activities.ControlCenterv2" />
125-->src\main\AndroidManifest.xml:121:13-69
126        <activity
126-->src\main\AndroidManifest.xml:122:9-125:73
127            android:name="nodomain.freeyourgadget.gadgetbridge.activities.AppBlacklistActivity"
127-->src\main\AndroidManifest.xml:123:13-60
128            android:label="@string/title_activity_notification_management"
128-->src\main\AndroidManifest.xml:124:13-75
129            android:parentActivityName="nodomain.freeyourgadget.gadgetbridge.activities.SettingsActivity" />
129-->src\main\AndroidManifest.xml:125:13-70
130        <activity
130-->src\main\AndroidManifest.xml:126:9-129:73
131            android:name="nodomain.freeyourgadget.gadgetbridge.activities.CalBlacklistActivity"
131-->src\main\AndroidManifest.xml:127:13-60
132            android:label="@string/title_activity_calblacklist"
132-->src\main\AndroidManifest.xml:128:13-64
133            android:parentActivityName="nodomain.freeyourgadget.gadgetbridge.activities.SettingsActivity" />
133-->src\main\AndroidManifest.xml:129:13-70
134        <activity
134-->src\main\AndroidManifest.xml:130:9-133:72
135            android:name="nodomain.freeyourgadget.gadgetbridge.devices.vesc.VescControlActivity"
135-->src\main\AndroidManifest.xml:131:13-61
136            android:label="@string/devicetype_vesc"
136-->src\main\AndroidManifest.xml:132:13-52
137            android:parentActivityName="nodomain.freeyourgadget.gadgetbridge.activities.ControlCenterv2" />
137-->src\main\AndroidManifest.xml:133:13-69
138        <activity
138-->src\main\AndroidManifest.xml:134:9-335:20
139            android:name="nodomain.freeyourgadget.gadgetbridge.activities.FwAppInstallerActivity"
139-->src\main\AndroidManifest.xml:135:13-62
140            android:label="@string/title_activity_fw_app_insaller"
140-->src\main\AndroidManifest.xml:136:13-67
141            android:parentActivityName="nodomain.freeyourgadget.gadgetbridge.activities.ControlCenterv2" >
141-->src\main\AndroidManifest.xml:137:13-69
142            <intent-filter>
142-->src\main\AndroidManifest.xml:138:13-231:29
143                <action android:name="android.intent.action.VIEW" />
143-->src\main\AndroidManifest.xml:139:17-69
143-->src\main\AndroidManifest.xml:139:25-66
144
145                <category android:name="android.intent.category.DEFAULT" />
145-->src\main\AndroidManifest.xml:82:17-76
145-->src\main\AndroidManifest.xml:82:27-73
146
147                <data android:mimeType="*/*" />
147-->src\main\AndroidManifest.xml:143:17-48
147-->src\main\AndroidManifest.xml:143:23-45
148                <!-- needed for aosp-derived ROMs? -->
149
150                <data android:host="*" />
150-->src\main\AndroidManifest.xml:143:17-48
150-->src\main\AndroidManifest.xml:146:23-39
151                <data android:scheme="file" />
151-->src\main\AndroidManifest.xml:143:17-48
151-->src\main\AndroidManifest.xml:147:23-44
152
153                <!-- as seen on openkeychain repo: https://github.com/open-keychain/open-keychain/blob/master/OpenKeychain/src/main/AndroidManifest.xml -->
154
155                <data android:pathPattern="/.*\\.fw" />
155-->src\main\AndroidManifest.xml:143:17-48
155-->src\main\AndroidManifest.xml:151:23-53
156                <data android:pathPattern="/.*\\..*\\.fw" />
156-->src\main\AndroidManifest.xml:143:17-48
156-->src\main\AndroidManifest.xml:151:23-53
157                <data android:pathPattern="/.*\\..*\\..*\\.fw" />
157-->src\main\AndroidManifest.xml:143:17-48
157-->src\main\AndroidManifest.xml:151:23-53
158                <data android:pathPattern="/.*\\..*\\..*\\..*\\.fw" />
158-->src\main\AndroidManifest.xml:143:17-48
158-->src\main\AndroidManifest.xml:151:23-53
159                <data android:pathPattern="/.*\\..*\\..*\\..*\\..*\\.fw" />
159-->src\main\AndroidManifest.xml:143:17-48
159-->src\main\AndroidManifest.xml:151:23-53
160                <data android:pathPattern="/.*\\..*\\..*\\..*\\..*\\..*\\.fw" />
160-->src\main\AndroidManifest.xml:143:17-48
160-->src\main\AndroidManifest.xml:151:23-53
161                <data android:pathPattern="/.*\\..*\\..*\\..*\\..*\\..*\\..*\\.fw" />
161-->src\main\AndroidManifest.xml:143:17-48
161-->src\main\AndroidManifest.xml:151:23-53
162                <data android:pathPattern="/.*\\..*\\..*\\..*\\..*\\..*\\..*\\..*\\.fw" />
162-->src\main\AndroidManifest.xml:143:17-48
162-->src\main\AndroidManifest.xml:151:23-53
163                <data android:pathPattern="/.*\\..*\\..*\\..*\\..*\\..*\\..*\\..*\\..*\\.fw" />
163-->src\main\AndroidManifest.xml:143:17-48
163-->src\main\AndroidManifest.xml:151:23-53
164                <data android:pathPattern="/.*\\..*\\..*\\..*\\..*\\..*\\..*\\..*\\..*\\..*\\.fw" />
164-->src\main\AndroidManifest.xml:143:17-48
164-->src\main\AndroidManifest.xml:151:23-53
165                <data android:pathPattern="/.*\\.ft.en" />
165-->src\main\AndroidManifest.xml:143:17-48
165-->src\main\AndroidManifest.xml:151:23-53
166                <data android:pathPattern="/.*\\..*\\.ft.en" />
166-->src\main\AndroidManifest.xml:143:17-48
166-->src\main\AndroidManifest.xml:151:23-53
167                <data android:pathPattern="/.*\\..*\\..*\\.ft.en" />
167-->src\main\AndroidManifest.xml:143:17-48
167-->src\main\AndroidManifest.xml:151:23-53
168                <data android:pathPattern="/.*\\..*\\..*\\..*\\.ft.en" />
168-->src\main\AndroidManifest.xml:143:17-48
168-->src\main\AndroidManifest.xml:151:23-53
169                <data android:pathPattern="/.*\\..*\\..*\\..*\\..*\\.ft.en" />
169-->src\main\AndroidManifest.xml:143:17-48
169-->src\main\AndroidManifest.xml:151:23-53
170                <data android:pathPattern="/.*\\..*\\..*\\..*\\..*\\..*\\.ft.en" />
170-->src\main\AndroidManifest.xml:143:17-48
170-->src\main\AndroidManifest.xml:151:23-53
171                <data android:pathPattern="/.*\\..*\\..*\\..*\\..*\\..*\\..*\\.ft.en" />
171-->src\main\AndroidManifest.xml:143:17-48
171-->src\main\AndroidManifest.xml:151:23-53
172                <data android:pathPattern="/.*\\..*\\..*\\..*\\..*\\..*\\..*\\..*\\.ft.en" />
172-->src\main\AndroidManifest.xml:143:17-48
172-->src\main\AndroidManifest.xml:151:23-53
173                <data android:pathPattern="/.*\\..*\\..*\\..*\\..*\\..*\\..*\\..*\\..*\\.ft.en" />
173-->src\main\AndroidManifest.xml:143:17-48
173-->src\main\AndroidManifest.xml:151:23-53
174                <data android:pathPattern="/.*\\..*\\..*\\..*\\..*\\..*\\..*\\..*\\..*\\..*\\.ft.en" />
174-->src\main\AndroidManifest.xml:143:17-48
174-->src\main\AndroidManifest.xml:151:23-53
175                <data android:pathPattern="/.*\\.ft" />
175-->src\main\AndroidManifest.xml:143:17-48
175-->src\main\AndroidManifest.xml:151:23-53
176                <data android:pathPattern="/.*\\..*\\.ft" />
176-->src\main\AndroidManifest.xml:143:17-48
176-->src\main\AndroidManifest.xml:151:23-53
177                <data android:pathPattern="/.*\\..*\\..*\\.ft" />
177-->src\main\AndroidManifest.xml:143:17-48
177-->src\main\AndroidManifest.xml:151:23-53
178                <data android:pathPattern="/.*\\..*\\..*\\..*\\.ft" />
178-->src\main\AndroidManifest.xml:143:17-48
178-->src\main\AndroidManifest.xml:151:23-53
179                <data android:pathPattern="/.*\\..*\\..*\\..*\\..*\\.ft" />
179-->src\main\AndroidManifest.xml:143:17-48
179-->src\main\AndroidManifest.xml:151:23-53
180                <data android:pathPattern="/.*\\..*\\..*\\..*\\..*\\..*\\.ft" />
180-->src\main\AndroidManifest.xml:143:17-48
180-->src\main\AndroidManifest.xml:151:23-53
181                <data android:pathPattern="/.*\\..*\\..*\\..*\\..*\\..*\\..*\\.ft" />
181-->src\main\AndroidManifest.xml:143:17-48
181-->src\main\AndroidManifest.xml:151:23-53
182                <data android:pathPattern="/.*\\..*\\..*\\..*\\..*\\..*\\..*\\..*\\.ft" />
182-->src\main\AndroidManifest.xml:143:17-48
182-->src\main\AndroidManifest.xml:151:23-53
183                <data android:pathPattern="/.*\\..*\\..*\\..*\\..*\\..*\\..*\\..*\\..*\\.ft" />
183-->src\main\AndroidManifest.xml:143:17-48
183-->src\main\AndroidManifest.xml:151:23-53
184                <data android:pathPattern="/.*\\..*\\..*\\..*\\..*\\..*\\..*\\..*\\..*\\..*\\.ft" />
184-->src\main\AndroidManifest.xml:143:17-48
184-->src\main\AndroidManifest.xml:151:23-53
185                <data android:pathPattern="/.*\\.res" />
185-->src\main\AndroidManifest.xml:143:17-48
185-->src\main\AndroidManifest.xml:151:23-53
186                <data android:pathPattern="/.*\\..*\\.res" />
186-->src\main\AndroidManifest.xml:143:17-48
186-->src\main\AndroidManifest.xml:151:23-53
187                <data android:pathPattern="/.*\\..*\\..*\\.res" />
187-->src\main\AndroidManifest.xml:143:17-48
187-->src\main\AndroidManifest.xml:151:23-53
188                <data android:pathPattern="/.*\\..*\\..*\\..*\\.res" />
188-->src\main\AndroidManifest.xml:143:17-48
188-->src\main\AndroidManifest.xml:151:23-53
189                <data android:pathPattern="/.*\\..*\\..*\\..*\\..*\\.res" />
189-->src\main\AndroidManifest.xml:143:17-48
189-->src\main\AndroidManifest.xml:151:23-53
190                <data android:pathPattern="/.*\\..*\\..*\\..*\\..*\\..*\\.res" />
190-->src\main\AndroidManifest.xml:143:17-48
190-->src\main\AndroidManifest.xml:151:23-53
191                <data android:pathPattern="/.*\\..*\\..*\\..*\\..*\\..*\\..*\\.res" />
191-->src\main\AndroidManifest.xml:143:17-48
191-->src\main\AndroidManifest.xml:151:23-53
192                <data android:pathPattern="/.*\\..*\\..*\\..*\\..*\\..*\\..*\\..*\\.res" />
192-->src\main\AndroidManifest.xml:143:17-48
192-->src\main\AndroidManifest.xml:151:23-53
193                <data android:pathPattern="/.*\\..*\\..*\\..*\\..*\\..*\\..*\\..*\\..*\\.res" />
193-->src\main\AndroidManifest.xml:143:17-48
193-->src\main\AndroidManifest.xml:151:23-53
194                <data android:pathPattern="/.*\\..*\\..*\\..*\\..*\\..*\\..*\\..*\\..*\\..*\\.res" />
194-->src\main\AndroidManifest.xml:143:17-48
194-->src\main\AndroidManifest.xml:151:23-53
195                <data android:pathPattern="/.*\\.gps" />
195-->src\main\AndroidManifest.xml:143:17-48
195-->src\main\AndroidManifest.xml:151:23-53
196                <data android:pathPattern="/.*\\..*\\.gps" />
196-->src\main\AndroidManifest.xml:143:17-48
196-->src\main\AndroidManifest.xml:151:23-53
197                <data android:pathPattern="/.*\\..*\\..*\\.gps" />
197-->src\main\AndroidManifest.xml:143:17-48
197-->src\main\AndroidManifest.xml:151:23-53
198                <data android:pathPattern="/.*\\..*\\..*\\..*\\.gps" />
198-->src\main\AndroidManifest.xml:143:17-48
198-->src\main\AndroidManifest.xml:151:23-53
199                <data android:pathPattern="/.*\\..*\\..*\\..*\\..*\\.gps" />
199-->src\main\AndroidManifest.xml:143:17-48
199-->src\main\AndroidManifest.xml:151:23-53
200                <data android:pathPattern="/.*\\..*\\..*\\..*\\..*\\..*\\.gps" />
200-->src\main\AndroidManifest.xml:143:17-48
200-->src\main\AndroidManifest.xml:151:23-53
201                <data android:pathPattern="/.*\\..*\\..*\\..*\\..*\\..*\\..*\\.gps" />
201-->src\main\AndroidManifest.xml:143:17-48
201-->src\main\AndroidManifest.xml:151:23-53
202                <data android:pathPattern="/.*\\..*\\..*\\..*\\..*\\..*\\..*\\..*\\.gps" />
202-->src\main\AndroidManifest.xml:143:17-48
202-->src\main\AndroidManifest.xml:151:23-53
203                <data android:pathPattern="/.*\\..*\\..*\\..*\\..*\\..*\\..*\\..*\\..*\\.gps" />
203-->src\main\AndroidManifest.xml:143:17-48
203-->src\main\AndroidManifest.xml:151:23-53
204                <data android:pathPattern="/.*\\..*\\..*\\..*\\..*\\..*\\..*\\..*\\..*\\..*\\.gps" />
204-->src\main\AndroidManifest.xml:143:17-48
204-->src\main\AndroidManifest.xml:151:23-53
205                <data android:pathPattern="/.*\\.pbw" />
205-->src\main\AndroidManifest.xml:143:17-48
205-->src\main\AndroidManifest.xml:151:23-53
206                <data android:pathPattern="/.*\\..*\\.pbw" />
206-->src\main\AndroidManifest.xml:143:17-48
206-->src\main\AndroidManifest.xml:151:23-53
207                <data android:pathPattern="/.*\\..*\\..*\\.pbw" />
207-->src\main\AndroidManifest.xml:143:17-48
207-->src\main\AndroidManifest.xml:151:23-53
208                <data android:pathPattern="/.*\\..*\\..*\\..*\\.pbw" />
208-->src\main\AndroidManifest.xml:143:17-48
208-->src\main\AndroidManifest.xml:151:23-53
209                <data android:pathPattern="/.*\\..*\\..*\\..*\\..*\\.pbw" />
209-->src\main\AndroidManifest.xml:143:17-48
209-->src\main\AndroidManifest.xml:151:23-53
210                <data android:pathPattern="/.*\\..*\\..*\\..*\\..*\\..*\\.pbw" />
210-->src\main\AndroidManifest.xml:143:17-48
210-->src\main\AndroidManifest.xml:151:23-53
211                <data android:pathPattern="/.*\\..*\\..*\\..*\\..*\\..*\\..*\\.pbw" />
211-->src\main\AndroidManifest.xml:143:17-48
211-->src\main\AndroidManifest.xml:151:23-53
212                <data android:pathPattern="/.*\\..*\\..*\\..*\\..*\\..*\\..*\\..*\\.pbw" />
212-->src\main\AndroidManifest.xml:143:17-48
212-->src\main\AndroidManifest.xml:151:23-53
213                <data android:pathPattern="/.*\\..*\\..*\\..*\\..*\\..*\\..*\\..*\\..*\\.pbw" />
213-->src\main\AndroidManifest.xml:143:17-48
213-->src\main\AndroidManifest.xml:151:23-53
214                <data android:pathPattern="/.*\\..*\\..*\\..*\\..*\\..*\\..*\\..*\\..*\\..*\\.pbw" />
214-->src\main\AndroidManifest.xml:143:17-48
214-->src\main\AndroidManifest.xml:151:23-53
215                <data android:pathPattern="/.*\\.pbz" />
215-->src\main\AndroidManifest.xml:143:17-48
215-->src\main\AndroidManifest.xml:151:23-53
216                <data android:pathPattern="/.*\\..*\\.pbz" />
216-->src\main\AndroidManifest.xml:143:17-48
216-->src\main\AndroidManifest.xml:151:23-53
217                <data android:pathPattern="/.*\\..*\\..*\\.pbz" />
217-->src\main\AndroidManifest.xml:143:17-48
217-->src\main\AndroidManifest.xml:151:23-53
218                <data android:pathPattern="/.*\\..*\\..*\\..*\\.pbz" />
218-->src\main\AndroidManifest.xml:143:17-48
218-->src\main\AndroidManifest.xml:151:23-53
219                <data android:pathPattern="/.*\\..*\\..*\\..*\\..*\\.pbz" />
219-->src\main\AndroidManifest.xml:143:17-48
219-->src\main\AndroidManifest.xml:151:23-53
220                <data android:pathPattern="/.*\\..*\\..*\\..*\\..*\\..*\\.pbz" />
220-->src\main\AndroidManifest.xml:143:17-48
220-->src\main\AndroidManifest.xml:151:23-53
221                <data android:pathPattern="/.*\\..*\\..*\\..*\\..*\\..*\\..*\\.pbz" />
221-->src\main\AndroidManifest.xml:143:17-48
221-->src\main\AndroidManifest.xml:151:23-53
222                <data android:pathPattern="/.*\\..*\\..*\\..*\\..*\\..*\\..*\\..*\\.pbz" />
222-->src\main\AndroidManifest.xml:143:17-48
222-->src\main\AndroidManifest.xml:151:23-53
223                <data android:pathPattern="/.*\\..*\\..*\\..*\\..*\\..*\\..*\\..*\\..*\\.pbz" />
223-->src\main\AndroidManifest.xml:143:17-48
223-->src\main\AndroidManifest.xml:151:23-53
224                <data android:pathPattern="/.*\\..*\\..*\\..*\\..*\\..*\\..*\\..*\\..*\\..*\\.pbz" />
224-->src\main\AndroidManifest.xml:143:17-48
224-->src\main\AndroidManifest.xml:151:23-53
225                <data android:pathPattern="/.*\\.pbl" />
225-->src\main\AndroidManifest.xml:143:17-48
225-->src\main\AndroidManifest.xml:151:23-53
226                <data android:pathPattern="/.*\\..*\\.pbl" />
226-->src\main\AndroidManifest.xml:143:17-48
226-->src\main\AndroidManifest.xml:151:23-53
227                <data android:pathPattern="/.*\\..*\\..*\\.pbl" />
227-->src\main\AndroidManifest.xml:143:17-48
227-->src\main\AndroidManifest.xml:151:23-53
228                <data android:pathPattern="/.*\\..*\\..*\\..*\\.pbl" />
228-->src\main\AndroidManifest.xml:143:17-48
228-->src\main\AndroidManifest.xml:151:23-53
229                <data android:pathPattern="/.*\\..*\\..*\\..*\\..*\\.pbl" />
229-->src\main\AndroidManifest.xml:143:17-48
229-->src\main\AndroidManifest.xml:151:23-53
230                <data android:pathPattern="/.*\\..*\\..*\\..*\\..*\\..*\\.pbl" />
230-->src\main\AndroidManifest.xml:143:17-48
230-->src\main\AndroidManifest.xml:151:23-53
231                <data android:pathPattern="/.*\\..*\\..*\\..*\\..*\\..*\\..*\\.pbl" />
231-->src\main\AndroidManifest.xml:143:17-48
231-->src\main\AndroidManifest.xml:151:23-53
232                <data android:pathPattern="/.*\\..*\\..*\\..*\\..*\\..*\\..*\\..*\\.pbl" />
232-->src\main\AndroidManifest.xml:143:17-48
232-->src\main\AndroidManifest.xml:151:23-53
233                <data android:pathPattern="/.*\\..*\\..*\\..*\\..*\\..*\\..*\\..*\\..*\\.pbl" />
233-->src\main\AndroidManifest.xml:143:17-48
233-->src\main\AndroidManifest.xml:151:23-53
234                <data android:pathPattern="/.*\\..*\\..*\\..*\\..*\\..*\\..*\\..*\\..*\\..*\\.pbl" />
234-->src\main\AndroidManifest.xml:143:17-48
234-->src\main\AndroidManifest.xml:151:23-53
235            </intent-filter>
236            <intent-filter>
236-->src\main\AndroidManifest.xml:232:13-324:29
237                <action android:name="android.intent.action.VIEW" />
237-->src\main\AndroidManifest.xml:139:17-69
237-->src\main\AndroidManifest.xml:139:25-66
238
239                <category android:name="android.intent.category.DEFAULT" />
239-->src\main\AndroidManifest.xml:82:17-76
239-->src\main\AndroidManifest.xml:82:27-73
240
241                <!-- no mimeType filter, needed for CM-derived ROMs? -->
242
243                <data android:host="*" />
243-->src\main\AndroidManifest.xml:143:17-48
243-->src\main\AndroidManifest.xml:146:23-39
244                <data android:scheme="file" />
244-->src\main\AndroidManifest.xml:143:17-48
244-->src\main\AndroidManifest.xml:147:23-44
245